0 info it worked if it ends with ok
1 verbose cli [ 'node', '/usr/local/bin/npm', 'publish' ]
2 info using npm@3.4.0
3 info using node@v0.10.26
4 verbose publish [ '.' ]
5 silly cache add args [ '.', null ]
6 verbose cache add spec .
7 silly cache add parsed spec { raw: '.',
7 silly cache add   scope: null,
7 silly cache add   name: null,
7 silly cache add   rawSpec: '.',
7 silly cache add   spec: '/Users/apalumbo/clienti/content-chef/projects/content-chef-delivery-js-client/dist',
7 silly cache add   type: 'local' }
8 error addLocal Could not install /Users/apalumbo/clienti/content-chef/projects/content-chef-delivery-js-client/dist
9 verbose stack Error: EISDIR, read
10 verbose cwd /Users/apalumbo/clienti/content-chef/projects/content-chef-delivery-js-client/dist
11 error Darwin 14.1.0
12 error argv "node" "/usr/local/bin/npm" "publish"
13 error node v0.10.26
14 error npm  v3.4.0
15 error code EISDIR
16 error errno 28
17 error eisdir EISDIR, read
17 error eisdir This is most likely not a problem with npm itself
17 error eisdir and is related to npm not being able to find a package.json in
17 error eisdir a package you are trying to install.
18 verbose exit [ 28, true ]
